Using pre-set license
Built from '2021.3/release' branch; Version is '2021.3.17f1 (3e8111cac19d) revision 4096273'; Using compiler version '192829333'; Build Type 'Release'
OS: 'Windows 10  (10.0.19045) 64bit Core' Language: 'ko' Physical Memory: 32679 MB
BatchMode: 1, IsHumanControllingUs: 0, StartBugReporterOnCrash: 0, Is64bit: 1, IsPro: 1

COMMAND LINE ARGUMENTS:
D:\Program Files\Unity\Hub\Editor\2021.3.17f1\Editor\Unity.exe
-adb2
-batchMode
-noUpm
-name
AssetImportWorker0
-projectPath
D:/Program Files/Git/GMTK/GMTK Game Jam
-logFile
Logs/AssetImportWorker0.log
-srvPort
58534
Successfully changed project path to: D:/Program Files/Git/GMTK/GMTK Game Jam
D:/Program Files/Git/GMTK/GMTK Game Jam
[UnityMemory] Configuration Parameters - Can be set up in boot.config
    "memorysetup-bucket-allocator-granularity=16"
    "memorysetup-bucket-allocator-bucket-count=8"
    "memorysetup-bucket-allocator-block-size=33554432"
    "memorysetup-bucket-allocator-block-count=8"
    "memorysetup-main-allocator-block-size=16777216"
    "memorysetup-thread-allocator-block-size=16777216"
    "memorysetup-gfx-main-allocator-block-size=16777216"
    "memorysetup-gfx-thread-allocator-block-size=16777216"
    "memorysetup-cache-allocator-block-size=4194304"
    "memorysetup-typetree-allocator-block-size=2097152"
    "memorysetup-profiler-bucket-allocator-granularity=16"
    "memorysetup-profiler-bucket-allocator-bucket-count=8"
    "memorysetup-profiler-bucket-allocator-block-size=33554432"
    "memorysetup-profiler-bucket-allocator-block-count=8"
    "memorysetup-profiler-allocator-block-size=16777216"
    "memorysetup-profiler-editor-allocator-block-size=1048576"
    "memorysetup-temp-allocator-size-main=16777216"
    "memorysetup-job-temp-allocator-block-size=2097152"
    "memorysetup-job-temp-allocator-block-size-background=1048576"
    "memorysetup-job-temp-allocator-reduction-small-platforms=262144"
    "memorysetup-temp-allocator-size-background-worker=32768"
    "memorysetup-temp-allocator-size-job-worker=262144"
    "memorysetup-temp-allocator-size-preload-manager=33554432"
    "memorysetup-temp-allocator-size-nav-mesh-worker=65536"
    "memorysetup-temp-allocator-size-audio-worker=65536"
    "memorysetup-temp-allocator-size-cloud-worker=32768"
    "memorysetup-temp-allocator-size-gi-baking-worker=262144"
    "memorysetup-temp-allocator-size-gfx=262144"
Player connection [12176] Host "[IP] 192.168.75.222 [Port] 0 [Flags] 2 [Guid] 3389710547 [EditorId] 3389710547 [Version] 1048832 [Id] WindowsEditor(7,DESKTOP-2I6GJOV) [Debug] 1 [PackageName] WindowsEditor [ProjectName] Editor" joined multi-casting on [225.0.0.222:54997]...

Player connection [12176] Host "[IP] 192.168.75.222 [Port] 0 [Flags] 2 [Guid] 3389710547 [EditorId] 3389710547 [Version] 1048832 [Id] WindowsEditor(7,DESKTOP-2I6GJOV) [Debug] 1 [PackageName] WindowsEditor [ProjectName] Editor" joined alternative multi-casting on [225.0.0.222:34997]...

Refreshing native plugins compatible for Editor in 121.82 ms, found 4 plugins.
Preloading 0 native plugins for Editor in 0.00 ms.
Initialize engine version: 2021.3.17f1 (3e8111cac19d)
[Subsystems] Discovering subsystems at path D:/Program Files/Unity/Hub/Editor/2021.3.17f1/Editor/Data/Resources/UnitySubsystems
[Subsystems] Discovering subsystems at path D:/Program Files/Git/GMTK/GMTK Game Jam/Assets
GfxDevice: creating device client; threaded=0; jobified=0
Direct3D:
    Version:  Direct3D 11.0 [level 11.1]
    Renderer: NVIDIA GeForce GTX 1660 Ti (ID=0x2182)
    Vendor:   NVIDIA
    VRAM:     5979 MB
    Driver:   31.0.15.3623
Initialize mono
Mono path[0] = 'D:/Program Files/Unity/Hub/Editor/2021.3.17f1/Editor/Data/Managed'
Mono path[1] = 'D:/Program Files/Unity/Hub/Editor/2021.3.17f1/Editor/Data/MonoBleedingEdge/lib/mono/unityjit-win32'
Mono config path = 'D:/Program Files/Unity/Hub/Editor/2021.3.17f1/Editor/Data/MonoBleedingEdge/etc'
Using monoOptions --debugger-agent=transport=dt_socket,embedding=1,server=y,suspend=n,address=127.0.0.1:56644
Begin MonoManager ReloadAssembly
Registering precompiled unity dll's ...
Register platform support module: D:/Program Files/Unity/Hub/Editor/2021.3.17f1/Editor/Data/PlaybackEngines/WebGLSupport/UnityEditor.WebGL.Extensions.dll
Register platform support module: D:/Program Files/Unity/Hub/Editor/2021.3.17f1/Editor/Data/PlaybackEngines/AndroidPlayer/UnityEditor.Android.Extensions.dll
Register platform support module: D:/Program Files/Unity/Hub/Editor/2021.3.17f1/Editor/Data/PlaybackEngines/WindowsStandaloneSupport/UnityEditor.WindowsStandalone.Extensions.dll
Registered in 0.006062 seconds.
Native extension for WindowsStandalone target not found
Native extension for Android target not found
Android Extension - Scanning For ADB Devices 455 ms
Native extension for WebGL target not found
Refreshing native plugins compatible for Editor in 125.79 ms, found 4 plugins.
Preloading 0 native plugins for Editor in 0.00 ms.
Mono: successfully reloaded assembly
- Completed reload, in  1.235 seconds
Domain Reload Profiling:
	ReloadAssembly (1236ms)
		BeginReloadAssembly (102ms)
			ExecutionOrderSort (0ms)
			DisableScriptedObjects (0ms)
			BackupInstance (0ms)
			ReleaseScriptingObjects (0ms)
			CreateAndSetChildDomain (1ms)
		EndReloadAssembly (1006ms)
			LoadAssemblies (102ms)
			RebuildTransferFunctionScriptingTraits (0ms)
			SetupTypeCache (129ms)
			ReleaseScriptCaches (0ms)
			RebuildScriptCaches (35ms)
			SetupLoadedEditorAssemblies (793ms)
				LogAssemblyErrors (0ms)
				InitializePlatformSupportModulesInManaged (521ms)
				SetLoadedEditorAssemblies (0ms)
				RefreshPlugins (126ms)
				BeforeProcessingInitializeOnLoad (1ms)
				ProcessInitializeOnLoadAttributes (88ms)
				ProcessInitializeOnLoadMethodAttributes (57ms)
				AfterProcessingInitializeOnLoad (0ms)
				EditorAssembliesLoaded (0ms)
			ExecutionOrderSort2 (0ms)
			AwakeInstancesAfterBackupRestoration (0ms)
Platform modules already initialized, skipping
Registering precompiled user dll's ...
Registered in 0.014198 seconds.
Begin MonoManager ReloadAssembly
Symbol file LoadedFromMemory doesn't match image D:\Program Files\Git\GMTK\GMTK Game Jam\Library\PackageCache\com.unity.visualscripting@1.8.0\Editor\VisualScripting.Core\Dependencies\DotNetZip\Unity.VisualScripting.IonicZip.dll
Symbol file LoadedFromMemory doesn't match image D:\Program Files\Git\GMTK\GMTK Game Jam\Library\PackageCache\com.unity.visualscripting@1.8.0\Editor\VisualScripting.Core\Dependencies\YamlDotNet\Unity.VisualScripting.YamlDotNet.dll
Native extension for WindowsStandalone target not found
Native extension for Android target not found
Native extension for WebGL target not found
Refreshing native plugins compatible for Editor in 126.21 ms, found 4 plugins.
Preloading 0 native plugins for Editor in 0.00 ms.
Launched and connected shader compiler UnityShaderCompiler.exe after 0.07 seconds
Mono: successfully reloaded assembly
Package Manager log level set to [2]
- Completed reload, in  2.290 seconds
Domain Reload Profiling:
	ReloadAssembly (2291ms)
		BeginReloadAssembly (123ms)
			ExecutionOrderSort (0ms)
			DisableScriptedObjects (6ms)
			BackupInstance (0ms)
			ReleaseScriptingObjects (0ms)
			CreateAndSetChildDomain (21ms)
		EndReloadAssembly (2033ms)
			LoadAssemblies (119ms)
			RebuildTransferFunctionScriptingTraits (0ms)
			SetupTypeCache (305ms)
			ReleaseScriptCaches (1ms)
			RebuildScriptCaches (70ms)
			SetupLoadedEditorAssemblies (1479ms)
				LogAssemblyErrors (0ms)
				InitializePlatformSupportModulesInManaged (21ms)
				SetLoadedEditorAssemblies (0ms)
				RefreshPlugins (126ms)
				BeforeProcessingInitializeOnLoad (139ms)
				ProcessInitializeOnLoadAttributes (894ms)
				ProcessInitializeOnLoadMethodAttributes (293ms)
				AfterProcessingInitializeOnLoad (5ms)
				EditorAssembliesLoaded (0ms)
			ExecutionOrderSort2 (0ms)
			AwakeInstancesAfterBackupRestoration (21ms)
Platform modules already initialized, skipping
========================================================================
Worker process is ready to serve import requests
Refreshing native plugins compatible for Editor in 0.90 ms, found 4 plugins.
Preloading 0 native plugins for Editor in 0.00 ms.
Unloading 4366 Unused Serialized files (Serialized files now loaded: 0)
Unloading 70 unused Assets / (232.5 KB). Loaded Objects now: 4861.
Memory consumption went from 162.7 MB to 162.5 MB.
Total: 21.196600 ms (FindLiveObjects: 0.475100 ms CreateObjectMapping: 0.381300 ms MarkObjects: 20.157900 ms  DeleteObjects: 0.180900 ms)

AssetImportParameters requested are different than current active one (requested -> active):
  custom:video-decoder-ogg-theora: a1e56fd34408186e4bbccfd4996cb3dc -> 
  custom:container-muxer-webm: aa71ff27fc2769a1b78a27578f13a17b -> 
  custom:container-demuxer-webm: 4f35f7cbe854078d1ac9338744f61a02 -> 
  custom:video-encoder-webm-vp8: eb34c28f22e8b96e1ab97ce403110664 -> 
  custom:audio-encoder-webm-vorbis: bf7c407c2cedff20999df2af8eb42d56 -> 
  custom:framework-win-MediaFoundation: 216162199b28c13a410421893ffa2e32 -> 
  custom:container-demuxer-ogg: 62fdf1f143b41e24485cea50d1cbac27 -> 
  custom:video-decoder-webm-vp8: 9c59270c3fd7afecdb556c50c9e8de78 -> 
  custom:audio-decoder-ogg-vorbis: bf7c407c2cedff20999df2af8eb42d56 -> 
========================================================================
Received Import Request.
  Time since last request: 48284.993152 seconds.
  path: Assets/ScriptableObject/BuildData/DevilMonster Barracks.asset
  artifactKey: Guid(b60714d629cbc9d43a6eb97f676c4997) Importer(815301076,1909f56bfc062723c751e8b465ee728b)
Start importing Assets/ScriptableObject/BuildData/DevilMonster Barracks.asset using Guid(b60714d629cbc9d43a6eb97f676c4997) Importer(815301076,1909f56bfc062723c751e8b465ee728b)  -> (artifact id: 'fc298fa94895308403fcbf00711550d9') in 0.071781 seconds 
========================================================================
Received Import Request.
  Time since last request: 0.000020 seconds.
  path: Assets/ScriptableObject/BuildData/Hero0 Barracks.asset
  artifactKey: Guid(d8aaaa1a98f8fe04e84b8d7fd4f8076d) Importer(815301076,1909f56bfc062723c751e8b465ee728b)
Start importing Assets/ScriptableObject/BuildData/Hero0 Barracks.asset using Guid(d8aaaa1a98f8fe04e84b8d7fd4f8076d) Importer(815301076,1909f56bfc062723c751e8b465ee728b)  -> (artifact id: 'e20e5e3caa25ba2745c9587dacd0d68a') in 0.007797 seconds 
========================================================================
Received Import Request.
  Time since last request: 0.000020 seconds.
  path: Assets/ScriptableObject/BuildData/Golem Barracks.asset
  artifactKey: Guid(bf16a8ebcfcd6df45af3c45ce557b572) Importer(815301076,1909f56bfc062723c751e8b465ee728b)
Start importing Assets/ScriptableObject/BuildData/Golem Barracks.asset using Guid(bf16a8ebcfcd6df45af3c45ce557b572) Importer(815301076,1909f56bfc062723c751e8b465ee728b)  -> (artifact id: 'd37b90f5632b5e3edf22f4ced2235a7d') in 0.011225 seconds 
========================================================================
Received Import Request.
  Time since last request: 0.000020 seconds.
  path: Assets/ScriptableObject/BuildData/Orc Barracks.asset
  artifactKey: Guid(e5cfac7e436f94743ad36984db79f130) Importer(815301076,1909f56bfc062723c751e8b465ee728b)
Start importing Assets/ScriptableObject/BuildData/Orc Barracks.asset using Guid(e5cfac7e436f94743ad36984db79f130) Importer(815301076,1909f56bfc062723c751e8b465ee728b)  -> (artifact id: '5e441070f5530879d8349252657e833b') in 0.009077 seconds 
========================================================================
Received Import Request.
  Time since last request: 0.000022 seconds.
  path: Assets/ScriptableObject/BuildData/Hero1 Barracks.asset
  artifactKey: Guid(89b088776e505bc419cfbb4e89200b47) Importer(815301076,1909f56bfc062723c751e8b465ee728b)
Start importing Assets/ScriptableObject/BuildData/Hero1 Barracks.asset using Guid(89b088776e505bc419cfbb4e89200b47) Importer(815301076,1909f56bfc062723c751e8b465ee728b)  -> (artifact id: 'ccd8e8cc4db87c9ea95a9b7bf78e9e8b') in 0.008669 seconds 
========================================================================
Received Import Request.
  Time since last request: 0.000029 seconds.
  path: Assets/ScriptableObject/BuildData/Skeleton Barracks.asset
  artifactKey: Guid(798fdd3e276e0e04f91da952894cc5b0) Importer(815301076,1909f56bfc062723c751e8b465ee728b)
Start importing Assets/ScriptableObject/BuildData/Skeleton Barracks.asset using Guid(798fdd3e276e0e04f91da952894cc5b0) Importer(815301076,1909f56bfc062723c751e8b465ee728b)  -> (artifact id: '8d6d858acafe2439efe32ea6dd750651') in 0.009421 seconds 
========================================================================
Received Prepare
Refreshing native plugins compatible for Editor in 16.19 ms, found 4 plugins.
Preloading 0 native plugins for Editor in 0.00 ms.
Unloading 57 Unused Serialized files (Serialized files now loaded: 0)
Unloading 57 unused Assets / (196.2 KB). Loaded Objects now: 4862.
Memory consumption went from 74.5 MB to 74.3 MB.
Total: 17.864800 ms (FindLiveObjects: 0.443400 ms CreateObjectMapping: 0.525600 ms MarkObjects: 16.719200 ms  DeleteObjects: 0.175700 ms)

AssetImportParameters requested are different than current active one (requested -> active):
  custom:video-decoder-ogg-theora: a1e56fd34408186e4bbccfd4996cb3dc -> 
  custom:container-muxer-webm: aa71ff27fc2769a1b78a27578f13a17b -> 
  custom:container-demuxer-webm: 4f35f7cbe854078d1ac9338744f61a02 -> 
  custom:video-encoder-webm-vp8: eb34c28f22e8b96e1ab97ce403110664 -> 
  custom:audio-encoder-webm-vorbis: bf7c407c2cedff20999df2af8eb42d56 -> 
  custom:framework-win-MediaFoundation: 216162199b28c13a410421893ffa2e32 -> 
  custom:container-demuxer-ogg: 62fdf1f143b41e24485cea50d1cbac27 -> 
  custom:video-decoder-webm-vp8: 9c59270c3fd7afecdb556c50c9e8de78 -> 
  custom:audio-decoder-ogg-vorbis: bf7c407c2cedff20999df2af8eb42d56 -> 
========================================================================
Received Import Request.
  Time since last request: 1913.836287 seconds.
  path: Assets/Sound/BGM.mp3
  artifactKey: Guid(46e12e971b4752a4aad29988cf0bd92f) Importer(815301076,1909f56bfc062723c751e8b465ee728b)
Start importing Assets/Sound/BGM.mp3 using Guid(46e12e971b4752a4aad29988cf0bd92f) Importer(815301076,1909f56bfc062723c751e8b465ee728b)  -> (artifact id: '12bebde60fe1f419388de545bdbd4995') in 0.191948 seconds 
========================================================================
Received Import Request.
  Time since last request: 0.000021 seconds.
  path: Assets/Prefabs/Unit/Golem.prefab
  artifactKey: Guid(fcebba40a34d98a45bfa75fa5a2e8339) Importer(815301076,1909f56bfc062723c751e8b465ee728b)
Start importing Assets/Prefabs/Unit/Golem.prefab using Guid(fcebba40a34d98a45bfa75fa5a2e8339) Importer(815301076,1909f56bfc062723c751e8b465ee728b)  -> (artifact id: 'c2a4ad20b5aacbcd18430a65e65d6f54') in 0.095636 seconds 
========================================================================
Received Import Request.
  Time since last request: 0.000032 seconds.
  path: Assets/Sprite/Tile/Ground/Ground2.png
  artifactKey: Guid(44eff83e0d7d6c94db88aa6bc046ef2f) Importer(815301076,1909f56bfc062723c751e8b465ee728b)
Start importing Assets/Sprite/Tile/Ground/Ground2.png using Guid(44eff83e0d7d6c94db88aa6bc046ef2f) Importer(815301076,1909f56bfc062723c751e8b465ee728b)  -> (artifact id: '01e3ed8dfa6b35a35ef5f9ff1009962c') in 0.069763 seconds 
========================================================================
Received Import Request.
  Time since last request: 0.000024 seconds.
  path: Assets/Sprite/Tile/Ground/Ground.asset
  artifactKey: Guid(150d263b51769c54aac848d8e06c4f88) Importer(815301076,1909f56bfc062723c751e8b465ee728b)
Start importing Assets/Sprite/Tile/Ground/Ground.asset using Guid(150d263b51769c54aac848d8e06c4f88) Importer(815301076,1909f56bfc062723c751e8b465ee728b)  -> (artifact id: 'b08f45ded6c6a1119a61c35da3fb4fb4') in 0.022735 seconds 
========================================================================
Received Import Request.
  Time since last request: 0.000019 seconds.
  path: Assets/Prefabs/Build/Gold Mine.prefab
  artifactKey: Guid(32a9e9f89dd877f4ab86f99726bafb76) Importer(815301076,1909f56bfc062723c751e8b465ee728b)
Start importing Assets/Prefabs/Build/Gold Mine.prefab using Guid(32a9e9f89dd877f4ab86f99726bafb76) Importer(815301076,1909f56bfc062723c751e8b465ee728b)  -> (artifact id: '31e6c52423ff3a710d1ea91c8cfc4fa0') in 0.320331 seconds 
========================================================================
Received Import Request.
  Time since last request: 8.526630 seconds.
  path: Assets/Sprite/Tile/Edit Tile/House0.asset
  artifactKey: Guid(807e4ecaa83beb248bf70176e0cf4b9a) Importer(815301076,1909f56bfc062723c751e8b465ee728b)
Start importing Assets/Sprite/Tile/Edit Tile/House0.asset using Guid(807e4ecaa83beb248bf70176e0cf4b9a) Importer(815301076,1909f56bfc062723c751e8b465ee728b)  -> (artifact id: 'c96f29603200f06ed31206931500f25c') in 0.019316 seconds 
========================================================================
Received Import Request.
  Time since last request: 0.000094 seconds.
  path: Assets/Sprite/Unit/House0/House0_2.png
  artifactKey: Guid(246ad55b4b4c83f4580761bbabae3eef) Importer(815301076,1909f56bfc062723c751e8b465ee728b)
Start importing Assets/Sprite/Unit/House0/House0_2.png using Guid(246ad55b4b4c83f4580761bbabae3eef) Importer(815301076,1909f56bfc062723c751e8b465ee728b)  -> (artifact id: '76b0fdaade30f083025dc29d73a3ae7d') in 0.027126 seconds 
========================================================================
Received Import Request.
  Time since last request: 0.000029 seconds.
  path: Assets/Sprite/Unit/House1/House1_3.png
  artifactKey: Guid(50fe262df35fd564d9db29c770c7d536) Importer(815301076,1909f56bfc062723c751e8b465ee728b)
Start importing Assets/Sprite/Unit/House1/House1_3.png using Guid(50fe262df35fd564d9db29c770c7d536) Importer(815301076,1909f56bfc062723c751e8b465ee728b)  -> (artifact id: '35ff0c19373790704dbdadecdc590732') in 0.030197 seconds 
========================================================================
Received Import Request.
  Time since last request: 0.000024 seconds.
  path: Assets/Sprite/Unit/House1/House1_1.png
  artifactKey: Guid(b91f0f08846563f4e94e275ab988e48c) Importer(815301076,1909f56bfc062723c751e8b465ee728b)
Start importing Assets/Sprite/Unit/House1/House1_1.png using Guid(b91f0f08846563f4e94e275ab988e48c) Importer(815301076,1909f56bfc062723c751e8b465ee728b)  -> (artifact id: '96e563029085b12d78ca1e2142b6c540') in 0.030975 seconds 
========================================================================
Received Import Request.
  Time since last request: 0.000018 seconds.
  path: Assets/Sprite/Unit/House0/House0_0.png
  artifactKey: Guid(539762732d413014e8e45917a1971464) Importer(815301076,1909f56bfc062723c751e8b465ee728b)
Start importing Assets/Sprite/Unit/House0/House0_0.png using Guid(539762732d413014e8e45917a1971464) Importer(815301076,1909f56bfc062723c751e8b465ee728b)  -> (artifact id: '61fad36dc35933d37466b5d146b66711') in 0.030714 seconds 
========================================================================
Received Import Request.
  Time since last request: 0.000022 seconds.
  path: Assets/Sprite/Tile/Edit Tile/House1.asset
  artifactKey: Guid(9ed1e3fd6a7bda043b77010de06e847e) Importer(815301076,1909f56bfc062723c751e8b465ee728b)
Start importing Assets/Sprite/Tile/Edit Tile/House1.asset using Guid(9ed1e3fd6a7bda043b77010de06e847e) Importer(815301076,1909f56bfc062723c751e8b465ee728b)  -> (artifact id: '9eb30ae52e50994d24713556ffdecf67') in 0.014856 seconds 
========================================================================
Received Import Request.
  Time since last request: 0.000038 seconds.
  path: Assets/Sprite/Unit/House0/House0_4.png
  artifactKey: Guid(76a98994568f4ae47a2f24330e1d9a58) Importer(815301076,1909f56bfc062723c751e8b465ee728b)
Start importing Assets/Sprite/Unit/House0/House0_4.png using Guid(76a98994568f4ae47a2f24330e1d9a58) Importer(815301076,1909f56bfc062723c751e8b465ee728b)  -> (artifact id: 'b771251976682baa0d73709056242303') in 0.024865 seconds 
========================================================================
Received Import Request.
  Time since last request: 24.188457 seconds.
  path: Assets/Prefabs/Build/House0.prefab
  artifactKey: Guid(0fe7ca6bc0119304f84bd90c225117db) Importer(815301076,1909f56bfc062723c751e8b465ee728b)
Start importing Assets/Prefabs/Build/House0.prefab using Guid(0fe7ca6bc0119304f84bd90c225117db) Importer(815301076,1909f56bfc062723c751e8b465ee728b)  -> (artifact id: 'b215563dab6e477f4e65bb43036a1aba') in 0.255200 seconds 
========================================================================
Received Import Request.
  Time since last request: 68.027317 seconds.
  path: Assets/Prefabs/Build/House0.prefab
  artifactKey: Guid(0fe7ca6bc0119304f84bd90c225117db) Importer(815301076,1909f56bfc062723c751e8b465ee728b)
Start importing Assets/Prefabs/Build/House0.prefab using Guid(0fe7ca6bc0119304f84bd90c225117db) Importer(815301076,1909f56bfc062723c751e8b465ee728b)  -> (artifact id: '1ad5d8573c7080b17eb62112cf40afba') in 0.276771 seconds 
========================================================================
Received Prepare
Registering precompiled user dll's ...
Registered in 0.015682 seconds.
Begin MonoManager ReloadAssembly
Symbol file LoadedFromMemory doesn't match image D:\Program Files\Git\GMTK\GMTK Game Jam\Library\PackageCache\com.unity.visualscripting@1.8.0\Editor\VisualScripting.Core\Dependencies\DotNetZip\Unity.VisualScripting.IonicZip.dll
Symbol file LoadedFromMemory doesn't match image D:\Program Files\Git\GMTK\GMTK Game Jam\Library\PackageCache\com.unity.visualscripting@1.8.0\Editor\VisualScripting.Core\Dependencies\YamlDotNet\Unity.VisualScripting.YamlDotNet.dll
Native extension for WindowsStandalone target not found
Native extension for Android target not found
Native extension for WebGL target not found
Refreshing native plugins compatible for Editor in 1.27 ms, found 4 plugins.
Preloading 0 native plugins for Editor in 0.00 ms.
Mono: successfully reloaded assembly
- Completed reload, in  2.016 seconds
Domain Reload Profiling:
	ReloadAssembly (2017ms)
		BeginReloadAssembly (194ms)
			ExecutionOrderSort (0ms)
			DisableScriptedObjects (7ms)
			BackupInstance (0ms)
			ReleaseScriptingObjects (0ms)
			CreateAndSetChildDomain (69ms)
		EndReloadAssembly (1719ms)
			LoadAssemblies (148ms)
			RebuildTransferFunctionScriptingTraits (0ms)
			SetupTypeCache (329ms)
			ReleaseScriptCaches (2ms)
			RebuildScriptCaches (53ms)
			SetupLoadedEditorAssemblies (1115ms)
				LogAssemblyErrors (0ms)
				InitializePlatformSupportModulesInManaged (33ms)
				SetLoadedEditorAssemblies (1ms)
				RefreshPlugins (1ms)
				BeforeProcessingInitializeOnLoad (95ms)
				ProcessInitializeOnLoadAttributes (782ms)
				ProcessInitializeOnLoadMethodAttributes (198ms)
				AfterProcessingInitializeOnLoad (4ms)
				EditorAssembliesLoaded (0ms)
			ExecutionOrderSort2 (0ms)
			AwakeInstancesAfterBackupRestoration (24ms)
Platform modules already initialized, skipping
Refreshing native plugins compatible for Editor in 8.29 ms, found 4 plugins.
Preloading 0 native plugins for Editor in 0.00 ms.
Unloading 4347 Unused Serialized files (Serialized files now loaded: 0)
Unloading 57 unused Assets / (199.0 KB). Loaded Objects now: 4878.
Memory consumption went from 165.3 MB to 165.1 MB.
Total: 19.245800 ms (FindLiveObjects: 0.340500 ms CreateObjectMapping: 0.274200 ms MarkObjects: 18.454000 ms  DeleteObjects: 0.175900 ms)

AssetImportParameters requested are different than current active one (requested -> active):
  custom:video-decoder-ogg-theora: a1e56fd34408186e4bbccfd4996cb3dc -> 
  custom:container-muxer-webm: aa71ff27fc2769a1b78a27578f13a17b -> 
  custom:container-demuxer-webm: 4f35f7cbe854078d1ac9338744f61a02 -> 
  custom:video-encoder-webm-vp8: eb34c28f22e8b96e1ab97ce403110664 -> 
  custom:audio-encoder-webm-vorbis: bf7c407c2cedff20999df2af8eb42d56 -> 
  custom:framework-win-MediaFoundation: 216162199b28c13a410421893ffa2e32 -> 
  custom:container-demuxer-ogg: 62fdf1f143b41e24485cea50d1cbac27 -> 
  custom:video-decoder-webm-vp8: 9c59270c3fd7afecdb556c50c9e8de78 -> 
  custom:audio-decoder-ogg-vorbis: bf7c407c2cedff20999df2af8eb42d56 -> 
========================================================================
Received Import Request.
  Time since last request: 11.059622 seconds.
  path: Assets/Prefabs/Build/House1.prefab
  artifactKey: Guid(47bbf03000182754f8ddf9dc1f5c4fed) Importer(815301076,1909f56bfc062723c751e8b465ee728b)
Start importing Assets/Prefabs/Build/House1.prefab using Guid(47bbf03000182754f8ddf9dc1f5c4fed) Importer(815301076,1909f56bfc062723c751e8b465ee728b)  -> (artifact id: '1c7f50e6bcb2f3338427de8089e2b2a1') in 0.115611 seconds 
========================================================================
Received Import Request.
  Time since last request: 11.660510 seconds.
  path: Assets/Prefabs/Build/House0.prefab
  artifactKey: Guid(0fe7ca6bc0119304f84bd90c225117db) Importer(815301076,1909f56bfc062723c751e8b465ee728b)
Start importing Assets/Prefabs/Build/House0.prefab using Guid(0fe7ca6bc0119304f84bd90c225117db) Importer(815301076,1909f56bfc062723c751e8b465ee728b)  -> (artifact id: 'af422944b17e2a0727c9c21818083baa') in 0.272921 seconds 
========================================================================
Received Import Request.
  Time since last request: 23.031126 seconds.
  path: Assets/Prefabs/Build/House1.prefab
  artifactKey: Guid(47bbf03000182754f8ddf9dc1f5c4fed) Importer(815301076,1909f56bfc062723c751e8b465ee728b)
Start importing Assets/Prefabs/Build/House1.prefab using Guid(47bbf03000182754f8ddf9dc1f5c4fed) Importer(815301076,1909f56bfc062723c751e8b465ee728b)  -> (artifact id: '168d68ca93ce19c05875d87f059f0c62') in 0.256867 seconds 
========================================================================
Received Prepare
Registering precompiled user dll's ...
Registered in 0.015260 seconds.
Begin MonoManager ReloadAssembly
Symbol file LoadedFromMemory doesn't match image D:\Program Files\Git\GMTK\GMTK Game Jam\Library\PackageCache\com.unity.visualscripting@1.8.0\Editor\VisualScripting.Core\Dependencies\DotNetZip\Unity.VisualScripting.IonicZip.dll
Symbol file LoadedFromMemory doesn't match image D:\Program Files\Git\GMTK\GMTK Game Jam\Library\PackageCache\com.unity.visualscripting@1.8.0\Editor\VisualScripting.Core\Dependencies\YamlDotNet\Unity.VisualScripting.YamlDotNet.dll
Native extension for WindowsStandalone target not found
Native extension for Android target not found
Native extension for WebGL target not found
Refreshing native plugins compatible for Editor in 1.69 ms, found 4 plugins.
Preloading 0 native plugins for Editor in 0.00 ms.
Mono: successfully reloaded assembly
- Completed reload, in  2.237 seconds
Domain Reload Profiling:
	ReloadAssembly (2238ms)
		BeginReloadAssembly (193ms)
			ExecutionOrderSort (0ms)
			DisableScriptedObjects (7ms)
			BackupInstance (0ms)
			ReleaseScriptingObjects (0ms)
			CreateAndSetChildDomain (58ms)
		EndReloadAssembly (1931ms)
			LoadAssemblies (144ms)
			RebuildTransferFunctionScriptingTraits (0ms)
			SetupTypeCache (372ms)
			ReleaseScriptCaches (2ms)
			RebuildScriptCaches (79ms)
			SetupLoadedEditorAssemblies (1250ms)
				LogAssemblyErrors (0ms)
				InitializePlatformSupportModulesInManaged (39ms)
				SetLoadedEditorAssemblies (1ms)
				RefreshPlugins (2ms)
				BeforeProcessingInitializeOnLoad (123ms)
				ProcessInitializeOnLoadAttributes (846ms)
				ProcessInitializeOnLoadMethodAttributes (235ms)
				AfterProcessingInitializeOnLoad (5ms)
				EditorAssembliesLoaded (0ms)
			ExecutionOrderSort2 (0ms)
			AwakeInstancesAfterBackupRestoration (30ms)
Platform modules already initialized, skipping
Refreshing native plugins compatible for Editor in 8.16 ms, found 4 plugins.
Preloading 0 native plugins for Editor in 0.00 ms.
Unloading 4347 Unused Serialized files (Serialized files now loaded: 0)
Unloading 57 unused Assets / (198.9 KB). Loaded Objects now: 4881.
Memory consumption went from 165.3 MB to 165.1 MB.
Total: 25.309700 ms (FindLiveObjects: 0.401300 ms CreateObjectMapping: 0.309300 ms MarkObjects: 24.345900 ms  DeleteObjects: 0.252000 ms)

AssetImportParameters requested are different than current active one (requested -> active):
  custom:video-decoder-ogg-theora: a1e56fd34408186e4bbccfd4996cb3dc -> 
  custom:container-muxer-webm: aa71ff27fc2769a1b78a27578f13a17b -> 
  custom:container-demuxer-webm: 4f35f7cbe854078d1ac9338744f61a02 -> 
  custom:video-encoder-webm-vp8: eb34c28f22e8b96e1ab97ce403110664 -> 
  custom:audio-encoder-webm-vorbis: bf7c407c2cedff20999df2af8eb42d56 -> 
  custom:framework-win-MediaFoundation: 216162199b28c13a410421893ffa2e32 -> 
  custom:container-demuxer-ogg: 62fdf1f143b41e24485cea50d1cbac27 -> 
  custom:video-decoder-webm-vp8: 9c59270c3fd7afecdb556c50c9e8de78 -> 
  custom:audio-decoder-ogg-vorbis: bf7c407c2cedff20999df2af8eb42d56 -> 
========================================================================
Received Prepare
Refreshing native plugins compatible for Editor in 14.11 ms, found 4 plugins.
Preloading 0 native plugins for Editor in 0.00 ms.
Unloading 57 Unused Serialized files (Serialized files now loaded: 0)
Unloading 57 unused Assets / (196.2 KB). Loaded Objects now: 4881.
Memory consumption went from 79.5 MB to 79.3 MB.
Total: 23.814300 ms (FindLiveObjects: 0.347400 ms CreateObjectMapping: 0.232900 ms MarkObjects: 23.069000 ms  DeleteObjects: 0.164000 ms)

AssetImportParameters requested are different than current active one (requested -> active):
  custom:video-decoder-ogg-theora: a1e56fd34408186e4bbccfd4996cb3dc -> 
  custom:container-muxer-webm: aa71ff27fc2769a1b78a27578f13a17b -> 
  custom:container-demuxer-webm: 4f35f7cbe854078d1ac9338744f61a02 -> 
  custom:video-encoder-webm-vp8: eb34c28f22e8b96e1ab97ce403110664 -> 
  custom:audio-encoder-webm-vorbis: bf7c407c2cedff20999df2af8eb42d56 -> 
  custom:framework-win-MediaFoundation: 216162199b28c13a410421893ffa2e32 -> 
  custom:container-demuxer-ogg: 62fdf1f143b41e24485cea50d1cbac27 -> 
  custom:video-decoder-webm-vp8: 9c59270c3fd7afecdb556c50c9e8de78 -> 
  custom:audio-decoder-ogg-vorbis: bf7c407c2cedff20999df2af8eb42d56 -> 
========================================================================
Received Prepare
Registering precompiled user dll's ...
Registered in 0.014039 seconds.
Begin MonoManager ReloadAssembly
Symbol file LoadedFromMemory doesn't match image D:\Program Files\Git\GMTK\GMTK Game Jam\Library\PackageCache\com.unity.visualscripting@1.8.0\Editor\VisualScripting.Core\Dependencies\DotNetZip\Unity.VisualScripting.IonicZip.dll
Symbol file LoadedFromMemory doesn't match image D:\Program Files\Git\GMTK\GMTK Game Jam\Library\PackageCache\com.unity.visualscripting@1.8.0\Editor\VisualScripting.Core\Dependencies\YamlDotNet\Unity.VisualScripting.YamlDotNet.dll
Native extension for WindowsStandalone target not found
Native extension for Android target not found
Native extension for WebGL target not found
Refreshing native plugins compatible for Editor in 0.91 ms, found 4 plugins.
Preloading 0 native plugins for Editor in 0.00 ms.
Mono: successfully reloaded assembly
- Completed reload, in  2.123 seconds
Domain Reload Profiling:
	ReloadAssembly (2124ms)
		BeginReloadAssembly (281ms)
			ExecutionOrderSort (0ms)
			DisableScriptedObjects (9ms)
			BackupInstance (0ms)
			ReleaseScriptingObjects (0ms)
			CreateAndSetChildDomain (83ms)
		EndReloadAssembly (1735ms)
			LoadAssemblies (204ms)
			RebuildTransferFunctionScriptingTraits (0ms)
			SetupTypeCache (313ms)
			ReleaseScriptCaches (2ms)
			RebuildScriptCaches (63ms)
			SetupLoadedEditorAssemblies (1156ms)
				LogAssemblyErrors (0ms)
				InitializePlatformSupportModulesInManaged (32ms)
				SetLoadedEditorAssemblies (0ms)
				RefreshPlugins (1ms)
				BeforeProcessingInitializeOnLoad (115ms)
				ProcessInitializeOnLoadAttributes (770ms)
				ProcessInitializeOnLoadMethodAttributes (232ms)
				AfterProcessingInitializeOnLoad (5ms)
				EditorAssembliesLoaded (0ms)
			ExecutionOrderSort2 (0ms)
			AwakeInstancesAfterBackupRestoration (21ms)
Platform modules already initialized, skipping
Refreshing native plugins compatible for Editor in 4.46 ms, found 4 plugins.
Preloading 0 native plugins for Editor in 0.00 ms.
Unloading 4347 Unused Serialized files (Serialized files now loaded: 0)
Unloading 57 unused Assets / (199.0 KB). Loaded Objects now: 4884.
Memory consumption went from 165.3 MB to 165.1 MB.
Total: 20.531300 ms (FindLiveObjects: 0.332100 ms CreateObjectMapping: 0.295600 ms MarkObjects: 19.733400 ms  DeleteObjects: 0.169100 ms)

AssetImportParameters requested are different than current active one (requested -> active):
  custom:video-decoder-ogg-theora: a1e56fd34408186e4bbccfd4996cb3dc -> 
  custom:container-muxer-webm: aa71ff27fc2769a1b78a27578f13a17b -> 
  custom:container-demuxer-webm: 4f35f7cbe854078d1ac9338744f61a02 -> 
  custom:video-encoder-webm-vp8: eb34c28f22e8b96e1ab97ce403110664 -> 
  custom:audio-encoder-webm-vorbis: bf7c407c2cedff20999df2af8eb42d56 -> 
  custom:framework-win-MediaFoundation: 216162199b28c13a410421893ffa2e32 -> 
  custom:container-demuxer-ogg: 62fdf1f143b41e24485cea50d1cbac27 -> 
  custom:video-decoder-webm-vp8: 9c59270c3fd7afecdb556c50c9e8de78 -> 
  custom:audio-decoder-ogg-vorbis: bf7c407c2cedff20999df2af8eb42d56 -> 
========================================================================
Received Prepare
Refreshing native plugins compatible for Editor in 17.24 ms, found 4 plugins.
Preloading 0 native plugins for Editor in 0.00 ms.
Unloading 57 Unused Serialized files (Serialized files now loaded: 0)
Unloading 57 unused Assets / (196.4 KB). Loaded Objects now: 4884.
Memory consumption went from 79.5 MB to 79.3 MB.
Total: 18.658500 ms (FindLiveObjects: 0.377200 ms CreateObjectMapping: 0.385600 ms MarkObjects: 17.677200 ms  DeleteObjects: 0.217500 ms)

AssetImportParameters requested are different than current active one (requested -> active):
  custom:video-decoder-ogg-theora: a1e56fd34408186e4bbccfd4996cb3dc -> 
  custom:container-muxer-webm: aa71ff27fc2769a1b78a27578f13a17b -> 
  custom:container-demuxer-webm: 4f35f7cbe854078d1ac9338744f61a02 -> 
  custom:video-encoder-webm-vp8: eb34c28f22e8b96e1ab97ce403110664 -> 
  custom:audio-encoder-webm-vorbis: bf7c407c2cedff20999df2af8eb42d56 -> 
  custom:framework-win-MediaFoundation: 216162199b28c13a410421893ffa2e32 -> 
  custom:container-demuxer-ogg: 62fdf1f143b41e24485cea50d1cbac27 -> 
  custom:video-decoder-webm-vp8: 9c59270c3fd7afecdb556c50c9e8de78 -> 
  custom:audio-decoder-ogg-vorbis: bf7c407c2cedff20999df2af8eb42d56 -> 
